

Started GET "/" for 172.17.42.1 at 2014-12-07 12:00:28 +0000
Processing by Rails::WelcomeController#index as HTML
  Rendered /home/codio/.rbenv/versions/2.1.5/lib/ruby/gems/2.1.0/gems/railties-4.1.8/lib/rails/templates/rails/welcome/index.html.erb (2.8ms)
Completed 200 OK in 44ms (Views: 15.6ms | ActiveRecord: 0.0ms)


Started GET "/" for 172.17.42.1 at 2014-12-07 12:05:03 +0000
Processing by Rails::WelcomeController#index as HTML
  Rendered /home/codio/.rbenv/versions/2.1.5/lib/ruby/gems/2.1.0/gems/railties-4.1.8/lib/rails/templates/rails/welcome/index.html.erb (1.7ms)
Completed 200 OK in 24ms (Views: 7.9ms | ActiveRecord: 0.0ms)


Started GET "/" for 172.17.42.1 at 2014-12-07 16:50:33 +0000
Processing by Rails::WelcomeController#index as HTML
  Rendered /home/codio/.rbenv/versions/2.1.5/lib/ruby/gems/2.1.0/gems/railties-4.1.8/lib/rails/templates/rails/welcome/index.html.erb (1.9ms)
Completed 200 OK in 382ms (Views: 364.6ms | ActiveRecord: 0.0ms)


Started GET "/" for 172.17.42.1 at 2015-01-27 10:16:55 +0000
Processing by Rails::WelcomeController#index as HTML
  Rendered /home/codio/.rbenv/versions/2.1.5/lib/ruby/gems/2.1.0/gems/railties-4.2.0/lib/rails/templates/rails/welcome/index.html.erb (2.1ms)
Completed 200 OK in 27ms (Views: 11.1ms | ActiveRecord: 0.0ms)


Started GET "/" for 172.17.42.1 at 2015-04-09 15:26:41 +0000
Processing by Rails::WelcomeController#index as HTML
  Rendered /home/codio/.rbenv/versions/2.1.5/lib/ruby/gems/2.1.0/gems/railties-4.2.0/lib/rails/templates/rails/welcome/index.html.erb (1.7ms)
Completed 200 OK in 26ms (Views: 9.4ms | ActiveRecord: 0.0ms)
  [1m[36m (6.1ms)[0m  [1mCREATE TABLE "pins" ("id" INTEGER PRIMARY KEY AUTOINCREMENT NOT NULL, "title" varchar, "url" varchar, "text" text, "slug" varchar, "resource_type" varchar) [0m
  [1m[35m (5.6ms)[0m  CREATE TABLE "schema_migrations" ("version" varchar NOT NULL) 
  [1m[36m (0.1ms)[0m  [1mselect sqlite_version(*)[0m
  [1m[35m (6.4ms)[0m  CREATE UNIQUE INDEX "unique_schema_migrations" ON "schema_migrations" ("version")
  [1m[36m (0.1ms)[0m  [1mSELECT version FROM "schema_migrations"[0m
  [1m[35m (9.3ms)[0m  INSERT INTO "schema_migrations" (version) VALUES ('20150320022457')
  [1m[36m (5.1ms)[0m  [1mINSERT INTO "schema_migrations" (version) VALUES ('20150318194553')[0m
  [1m[35m (6.3ms)[0m  CREATE TABLE "pins" ("id" INTEGER PRIMARY KEY AUTOINCREMENT NOT NULL, "title" varchar, "url" varchar, "text" text, "slug" varchar, "resource_type" varchar) 
  [1m[36m (7.8ms)[0m  [1mCREATE TABLE "schema_migrations" ("version" varchar NOT NULL) [0m
  [1m[35m (0.1ms)[0m  select sqlite_version(*)
  [1m[36m (5.6ms)[0m  [1mCREATE UNIQUE INDEX "unique_schema_migrations" ON "schema_migrations" ("version")[0m
  [1m[35m (0.1ms)[0m  SELECT version FROM "schema_migrations"
  [1m[36m (4.6ms)[0m  [1mINSERT INTO "schema_migrations" (version) VALUES ('20150320022457')[0m
  [1m[35m (4.5ms)[0m  INSERT INTO "schema_migrations" (version) VALUES ('20150318194553')
  [1m[36mActiveRecord::SchemaMigration Load (0.1ms)[0m  [1mSELECT "schema_migrations".* FROM "schema_migrations"[0m
  [1m[35m (0.1ms)[0m  begin transaction
  [1m[36mPin Exists (0.2ms)[0m  [1mSELECT  1 AS one FROM "pins" WHERE "pins"."slug" = 'rails-tutorial' LIMIT 1[0m
  [1m[35mSQL (0.4ms)[0m  INSERT INTO "pins" ("title", "url", "text", "slug", "resource_type") VALUES (?, ?, ?, ?, ?)  [["title", "Rails Tutorial"], ["url", "https://www.railstutorial.org/"], ["text", "The trusted standard in self-directed introductions to Ruby on Rails. A complete treatment of all the essentials\n    required in most production Rails applications."], ["slug", "rails-tutorial"], ["resource_type", "rails"]]
  [1m[36m (4.8ms)[0m  [1mcommit transaction[0m
  [1m[35m (0.1ms)[0m  begin transaction
  [1m[36mPin Exists (0.1ms)[0m  [1mSELECT  1 AS one FROM "pins" WHERE "pins"."slug" = 'rails-for-zombies' LIMIT 1[0m
  [1m[35mSQL (0.2ms)[0m  INSERT INTO "pins" ("title", "url", "text", "slug", "resource_type") VALUES (?, ?, ?, ?, ?)  [["title", "Rails for Zombies"], ["url", "http://railsforzombies.org"], ["text", "A fun, gamified way to hone your Rails skills! Come on...who doesn't like fighting zombies?!"], ["slug", "rails-for-zombies"], ["resource_type", "rails"]]
  [1m[36m (5.1ms)[0m  [1mcommit transaction[0m
  [1m[35m (0.1ms)[0m  begin transaction
  [1m[36mPin Exists (0.1ms)[0m  [1mSELECT  1 AS one FROM "pins" WHERE "pins"."slug" = 'try-ruby' LIMIT 1[0m
  [1m[35mSQL (0.2ms)[0m  INSERT INTO "pins" ("title", "url", "text", "slug", "resource_type") VALUES (?, ?, ?, ?, ?)  [["title", "Try Ruby"], ["url", "http://tryruby.org/"], ["text", "An interactive, in-browser tutorial for the Ruby programming language. A thorough walkthrough of \n    Ruby's nuances, geared toward beginners."], ["slug", "try-ruby"], ["resource_type", "ruby"]]
  [1m[36m (4.9ms)[0m  [1mcommit transaction[0m
  [1m[35m (0.0ms)[0m  begin transaction
  [1m[36mPin Exists (0.1ms)[0m  [1mSELECT  1 AS one FROM "pins" WHERE "pins"."slug" = 'ruby-quiz' LIMIT 1[0m
  [1m[35mSQL (0.2ms)[0m  INSERT INTO "pins" ("title", "url", "text", "slug", "resource_type") VALUES (?, ?, ?, ?, ?)  [["title", "Ruby Quiz"], ["url", "http://rubyquiz.org"], ["text", "A collection of quizzes on the Ruby programming language."], ["slug", "ruby-quiz"], ["resource_type", "ruby"]]
  [1m[36m (4.2ms)[0m  [1mcommit transaction[0m
  [1m[35m (0.0ms)[0m  begin transaction
  [1m[36mPin Exists (0.1ms)[0m  [1mSELECT  1 AS one FROM "pins" WHERE "pins"."slug" = 'ga-ror-for-developers' LIMIT 1[0m
  [1m[35mSQL (0.1ms)[0m  INSERT INTO "pins" ("title", "url", "text", "slug", "resource_type") VALUES (?, ?, ?, ?, ?)  [["title", "Ruby on Rails for Developers"], ["url", "https://github.com/generalassembly/ga-ruby-on-rails-for-devs"], ["text", "Somewhat advanced curriculum, but the exercises are also good for anyone who is motivated and \n    self-guided with experience."], ["slug", "ga-ror-for-developers"], ["resource_type", "rails"]]
  [1m[36m (5.0ms)[0m  [1mcommit transaction[0m
  [1m[35m (0.0ms)[0m  begin transaction
  [1m[36mPin Exists (0.1ms)[0m  [1mSELECT  1 AS one FROM "pins" WHERE "pins"."slug" = 'ruby-monk' LIMIT 1[0m
  [1m[35mSQL (0.2ms)[0m  INSERT INTO "pins" ("title", "url", "text", "slug", "resource_type") VALUES (?, ?, ?, ?, ?)  [["title", "Ruby Monk"], ["url", "http://rubymonk.com"], ["text", "The Ruby Primer is a free interactive book that helps you learn Ruby. Discover Ruby idioms, learn \n    lessons and solve problems, all in your browser!"], ["slug", "ruby-monk"], ["resource_type", "ruby"]]
  [1m[36m (4.5ms)[0m  [1mcommit transaction[0m


Started GET "/" for 172.17.42.1 at 2015-04-09 16:32:44 +0000
  [1m[36mActiveRecord::SchemaMigration Load (0.1ms)[0m  [1mSELECT "schema_migrations".* FROM "schema_migrations"[0m
Processing by PinsController#index as HTML
  [1m[35mPin Load (0.3ms)[0m  SELECT "pins".* FROM "pins"
  Rendered pins/index.erb within layouts/application (13.6ms)
Completed 200 OK in 711ms (Views: 681.3ms | ActiveRecord: 0.9ms)


Started GET "/assets/cosmo-bootswatch-theme.css?body=1" for 172.17.42.1 at 2015-04-09 16:32:45 +0000


Started GET "/assets/pins.css?body=1" for 172.17.42.1 at 2015-04-09 16:32:45 +0000


Started GET "/assets/application.css?body=1" for 172.17.42.1 at 2015-04-09 16:32:45 +0000


Started GET "/assets/jquery.js?body=1" for 172.17.42.1 at 2015-04-09 16:32:45 +0000


Started GET "/assets/jquery_ujs.js?body=1" for 172.17.42.1 at 2015-04-09 16:32:45 +0000


Started GET "/assets/turbolinks.js?body=1" for 172.17.42.1 at 2015-04-09 16:32:45 +0000


Started GET "/assets/application.js?body=1" for 172.17.42.1 at 2015-04-09 16:32:45 +0000


Started GET "/" for 172.17.42.1 at 2015-04-09 16:34:21 +0000
  [1m[36mActiveRecord::SchemaMigration Load (0.1ms)[0m  [1mSELECT "schema_migrations".* FROM "schema_migrations"[0m
Processing by PinsController#index as HTML
  [1m[35mPin Load (0.3ms)[0m  SELECT "pins".* FROM "pins"
  Rendered pins/index.erb within layouts/application (12.7ms)
Completed 200 OK in 147ms (Views: 126.9ms | ActiveRecord: 0.9ms)


Started GET "/pins/1" for 172.17.42.1 at 2015-04-09 16:34:26 +0000
Processing by PinsController#show as HTML
  Parameters: {"id"=>"1"}
  [1m[36mPin Load (0.2ms)[0m  [1mSELECT  "pins".* FROM "pins" WHERE "pins"."id" = ? LIMIT 1[0m  [["id", 1]]
  Rendered pins/show.erb within layouts/application (10.9ms)
Completed 500 Internal Server Error in 24ms

ActionView::Template::Error (undefined local variable or method `pin' for #<#<Class:0x007fe01e814d08>:0x007fe020267368>):
    10:   <hr/>
    11:   <p>
    12:     <b>Visit <%= "#{@pin.title}" %> at: </b>
    13:     <a class="url" href="<%= "#{pin.url}" %>" target="_blank">
    14:       <%= "#{pin.url}" %>
    15:     </a>
    16:   </p>
  app/views/pins/show.erb:13:in `_app_views_pins_show_erb___277064991946364725_70300294393740'


  Rendered /home/codio/.rbenv/versions/2.1.5/lib/ruby/gems/2.1.0/gems/actionpack-4.2.0/lib/action_dispatch/middleware/templates/rescues/_source.erb (6.5ms)
  Rendered /home/codio/.rbenv/versions/2.1.5/lib/ruby/gems/2.1.0/gems/actionpack-4.2.0/lib/action_dispatch/middleware/templates/rescues/_trace.html.erb (2.4ms)
  Rendered /home/codio/.rbenv/versions/2.1.5/lib/ruby/gems/2.1.0/gems/actionpack-4.2.0/lib/action_dispatch/middleware/templates/rescues/_request_and_response.html.erb (0.8ms)
  Rendered /home/codio/.rbenv/versions/2.1.5/lib/ruby/gems/2.1.0/gems/actionpack-4.2.0/lib/action_dispatch/middleware/templates/rescues/template_error.html.erb within rescues/layout (36.5ms)


Started GET "/pins/1" for 172.17.42.1 at 2015-04-09 16:34:27 +0000
Processing by PinsController#show as HTML
  Parameters: {"id"=>"1"}
  [1m[35mPin Load (0.1ms)[0m  SELECT  "pins".* FROM "pins" WHERE "pins"."id" = ? LIMIT 1  [["id", 1]]
  Rendered pins/show.erb within layouts/application (6.7ms)
Completed 500 Internal Server Error in 9ms

ActionView::Template::Error (undefined local variable or method `pin' for #<#<Class:0x007fe01e814d08>:0x007fe01ff9cbd8>):
    10:   <hr/>
    11:   <p>
    12:     <b>Visit <%= "#{@pin.title}" %> at: </b>
    13:     <a class="url" href="<%= "#{pin.url}" %>" target="_blank">
    14:       <%= "#{pin.url}" %>
    15:     </a>
    16:   </p>
  app/views/pins/show.erb:13:in `_app_views_pins_show_erb___277064991946364725_70300292921740'


  Rendered /home/codio/.rbenv/versions/2.1.5/lib/ruby/gems/2.1.0/gems/actionpack-4.2.0/lib/action_dispatch/middleware/templates/rescues/_source.erb (6.6ms)
  Rendered /home/codio/.rbenv/versions/2.1.5/lib/ruby/gems/2.1.0/gems/actionpack-4.2.0/lib/action_dispatch/middleware/templates/rescues/_trace.html.erb (2.5ms)
  Rendered /home/codio/.rbenv/versions/2.1.5/lib/ruby/gems/2.1.0/gems/actionpack-4.2.0/lib/action_dispatch/middleware/templates/rescues/_request_and_response.html.erb (0.8ms)
  Rendered /home/codio/.rbenv/versions/2.1.5/lib/ruby/gems/2.1.0/gems/actionpack-4.2.0/lib/action_dispatch/middleware/templates/rescues/template_error.html.erb within rescues/layout (27.7ms)


Started GET "/pins/2" for 172.17.42.1 at 2015-04-09 16:34:33 +0000
Processing by PinsController#show as HTML
  Parameters: {"id"=>"2"}
  [1m[36mPin Load (0.1ms)[0m  [1mSELECT  "pins".* FROM "pins" WHERE "pins"."id" = ? LIMIT 1[0m  [["id", 2]]
  Rendered pins/show.erb within layouts/application (6.5ms)
Completed 500 Internal Server Error in 9ms

ActionView::Template::Error (undefined local variable or method `pin' for #<#<Class:0x007fe01e814d08>:0x007fe01ff1dd60>):
    10:   <hr/>
    11:   <p>
    12:     <b>Visit <%= "#{@pin.title}" %> at: </b>
    13:     <a class="url" href="<%= "#{pin.url}" %>" target="_blank">
    14:       <%= "#{pin.url}" %>
    15:     </a>
    16:   </p>
  app/views/pins/show.erb:13:in `_app_views_pins_show_erb___277064991946364725_70300294393740'


  Rendered /home/codio/.rbenv/versions/2.1.5/lib/ruby/gems/2.1.0/gems/actionpack-4.2.0/lib/action_dispatch/middleware/templates/rescues/_source.erb (6.7ms)
  Rendered /home/codio/.rbenv/versions/2.1.5/lib/ruby/gems/2.1.0/gems/actionpack-4.2.0/lib/action_dispatch/middleware/templates/rescues/_trace.html.erb (2.5ms)
  Rendered /home/codio/.rbenv/versions/2.1.5/lib/ruby/gems/2.1.0/gems/actionpack-4.2.0/lib/action_dispatch/middleware/templates/rescues/_request_and_response.html.erb (0.8ms)
  Rendered /home/codio/.rbenv/versions/2.1.5/lib/ruby/gems/2.1.0/gems/actionpack-4.2.0/lib/action_dispatch/middleware/templates/rescues/template_error.html.erb within rescues/layout (27.9ms)


Started GET "/pins/2" for 172.17.42.1 at 2015-04-09 16:34:33 +0000
Processing by PinsController#show as HTML
  Parameters: {"id"=>"2"}
  [1m[35mPin Load (0.1ms)[0m  SELECT  "pins".* FROM "pins" WHERE "pins"."id" = ? LIMIT 1  [["id", 2]]
  Rendered pins/show.erb within layouts/application (6.7ms)
Completed 500 Internal Server Error in 9ms

ActionView::Template::Error (undefined local variable or method `pin' for #<#<Class:0x007fe01e814d08>:0x007fe01fe655f8>):
    10:   <hr/>
    11:   <p>
    12:     <b>Visit <%= "#{@pin.title}" %> at: </b>
    13:     <a class="url" href="<%= "#{pin.url}" %>" target="_blank">
    14:       <%= "#{pin.url}" %>
    15:     </a>
    16:   </p>
  app/views/pins/show.erb:13:in `_app_views_pins_show_erb___277064991946364725_70300292921740'


  Rendered /home/codio/.rbenv/versions/2.1.5/lib/ruby/gems/2.1.0/gems/actionpack-4.2.0/lib/action_dispatch/middleware/templates/rescues/_source.erb (13.0ms)
  Rendered /home/codio/.rbenv/versions/2.1.5/lib/ruby/gems/2.1.0/gems/actionpack-4.2.0/lib/action_dispatch/middleware/templates/rescues/_trace.html.erb (5.0ms)
  Rendered /home/codio/.rbenv/versions/2.1.5/lib/ruby/gems/2.1.0/gems/actionpack-4.2.0/lib/action_dispatch/middleware/templates/rescues/_request_and_response.html.erb (1.3ms)
  Rendered /home/codio/.rbenv/versions/2.1.5/lib/ruby/gems/2.1.0/gems/actionpack-4.2.0/lib/action_dispatch/middleware/templates/rescues/template_error.html.erb within rescues/layout (43.5ms)
